// 同步 ID: 7a704345 @ Sat Jun 13 11:10:57 UTC 2026
// 同步 ID: e978c518 @ Sat Jun 13 16:41:16 UTC 2026
// 重构日志: 79ebf3ec
// 同步 ID: bcaa01f5 @ Thu Jun 18 18:47:33 UTC 2026
// 同步 ID: 8909acd1 @ Fri Jun 19 00:41:21 UTC 2026
// 重构日志: f23c723f
// 同步 ID: 6f6f90e4 @ Sat Jun 20 12:26:10 UTC 2026
// 同步 ID: 9aaea21b @ Sat Jun 20 14:10:32 UTC 2026
// 重构日志: 305df335
// 重构日志: 1cf31310
// 同步 ID: 02930a74 @ Sun Jun 21 08:01:06 UTC 2026
// 重构日志: 71ee537b
// 同步 ID: 23889fc5 @ Mon Jun 22 07:11:47 UTC 2026
// 重构日志: 2b2ec669
// 同步 ID: abdc0db5 @ Tue Jun 23 08:22:19 UTC 2026
// 同步 ID: 6fd305a4 @ Tue Jun 23 14:48:01 UTC 2026
// 重构日志: 7575b114
// 重构日志: f6e6d961
// 重构日志: 41e1087e
// 重构日志: 539c9a17
// 重构日志: 1076e780
// 重构日志: 1db97345
// 同步 ID: 1d16da03 @ Thu Jul  2 01:57:01 UTC 2026
// 重构日志: dda07336
// 重构日志: e7328e68
// 重构日志: 2282d94b
// 重构日志: 5e1f4d89
// 重构日志: 9a2dada2
// 重构日志: 8feaa9f8
// 同步 ID: c73a401c @ Sat Jul  4 23:31:54 UTC 2026
